<?xml version="1.0" encoding="UTF-8"?>
<!-- Generated by org.testng.reporters.JUnitReportReporter -->
<testsuite hostname="Surendhar-PC" failures="0" tests="11" name="com.TestNG.org.TestNG_Runner" time="22.516" errors="1" timestamp="2022-12-12T13:38:35 IST" skipped="10">
  <testcase classname="com.TestNG.org.TestNG_Runner" name="bookADemo" time="4.148">
    <skipped/>
  </testcase> <!-- bookADemo -->
  <system-out/>
  <testcase classname="com.TestNG.org.TestNG_Runner" name="bookADemo" time="3.300">
    <error message="invalid selector: Unable to locate an element with the xpath expression //input[@placeholder=&#039;Phone Number*] because of the following error:
SyntaxError: Failed to execute &#039;evaluate&#039; on &#039;Document&#039;: The string &#039;//input[@placeholder=&#039;Phone Number*]&#039; is not a valid XPath expression.
  (Session info: chrome=108.0.5359.99)
For documentation on this error, please visit: https://www.seleniumhq.org/exceptions/invalid_selector_exception.html
Build info: version: &#039;3.141.59&#039;, revision: &#039;e82be7d358&#039;, time: &#039;2018-11-14T08:17:03&#039;
System info: host: &#039;SURENDHAR-PC&#039;, ip: &#039;192.168.0.198&#039;, os.name: &#039;Windows 7&#039;, os.arch: &#039;amd64&#039;, os.version: &#039;6.1&#039;, java.version: &#039;18.0.1&#039;
Driver info: org.openqa.selenium.chrome.ChromeDriver
Capabilities {acceptInsecureCerts: false, browserName: chrome, browserVersion: 108.0.5359.99, chrome: {chromedriverVersion: 107.0.5304.18 (fde5ebf4e16d..., userDataDir: C:\Users\SUREND~1\AppData\L...}, goog:chromeOptions: {debuggerAddress: localhost:52989}, javascriptEnabled: true, networkConnectionEnabled: false, pageLoadStrategy: normal, platform: WINDOWS, platformName: WINDOWS, proxy: Proxy(), setWindowRect: true, strictFileInteractability: false, timeouts: {implicit: 0, pageLoad: 300000, script: 30000}, unhandledPromptBehavior: dismiss and notify, webauthn:extension:credBlob: true, webauthn:extension:largeBlob: true, webauthn:virtualAuthenticators: true}
Session ID: 60de95a33c015e1c128ad80f4fa4882c
*** Element info: {Using=xpath, value=//input[@placeholder=&#039;Phone Number*]}" type="org.openqa.selenium.InvalidSelectorException">
      <![CDATA[org.openqa.selenium.InvalidSelectorException: invalid selector: Unable to locate an element with the xpath expression //input[@placeholder='Phone Number*] because of the following error:
SyntaxError: Failed to execute 'evaluate' on 'Document': The string '//input[@placeholder='Phone Number*]' is not a valid XPath expression.
  (Session info: chrome=108.0.5359.99)
For documentation on this error, please visit: https://www.seleniumhq.org/exceptions/invalid_selector_exception.html
Build info: version: '3.141.59', revision: 'e82be7d358', time: '2018-11-14T08:17:03'
System info: host: 'SURENDHAR-PC', ip: '192.168.0.198', os.name: 'Windows 7', os.arch: 'amd64', os.version: '6.1', java.version: '18.0.1'
Driver info: org.openqa.selenium.chrome.ChromeDriver
Capabilities {acceptInsecureCerts: false, browserName: chrome, browserVersion: 108.0.5359.99, chrome: {chromedriverVersion: 107.0.5304.18 (fde5ebf4e16d..., userDataDir: C:\Users\SUREND~1\AppData\L...}, goog:chromeOptions: {debuggerAddress: localhost:52989}, javascriptEnabled: true, networkConnectionEnabled: false, pageLoadStrategy: normal, platform: WINDOWS, platformName: WINDOWS, proxy: Proxy(), setWindowRect: true, strictFileInteractability: false, timeouts: {implicit: 0, pageLoad: 300000, script: 30000}, unhandledPromptBehavior: dismiss and notify, webauthn:extension:credBlob: true, webauthn:extension:largeBlob: true, webauthn:virtualAuthenticators: true}
Session ID: 60de95a33c015e1c128ad80f4fa4882c
*** Element info: {Using=xpath, value=//input[@placeholder='Phone Number*]}
at java.base/jdk.internal.reflect.DirectConstructorHandleAccessor.newInstance(DirectConstructorHandleAccessor.java:67)
at java.base/java.lang.reflect.Constructor.newInstanceWithCaller(Constructor.java:499)
at java.base/java.lang.reflect.Constructor.newInstance(Constructor.java:483)
at org.openqa.selenium.remote.http.W3CHttpResponseCodec.createException(W3CHttpResponseCodec.java:187)
at org.openqa.selenium.remote.http.W3CHttpResponseCodec.decode(W3CHttpResponseCodec.java:122)
at org.openqa.selenium.remote.http.W3CHttpResponseCodec.decode(W3CHttpResponseCodec.java:49)
at org.openqa.selenium.remote.HttpCommandExecutor.execute(HttpCommandExecutor.java:158)
at org.openqa.selenium.remote.service.DriverCommandExecutor.execute(DriverCommandExecutor.java:83)
at org.openqa.selenium.remote.RemoteWebDriver.execute(RemoteWebDriver.java:552)
at org.openqa.selenium.remote.RemoteWebDriver.findElement(RemoteWebDriver.java:323)
at org.openqa.selenium.remote.RemoteWebDriver.findElementByXPath(RemoteWebDriver.java:428)
at org.openqa.selenium.By$ByXPath.findElement(By.java:353)
at org.openqa.selenium.remote.RemoteWebDriver.findElement(RemoteWebDriver.java:315)
at com.TestNG.org.TestNG_Runner.bookADemo(TestNG_Runner.java:84)
at java.base/jdk.internal.reflect.DirectMethodHandleAccessor.invoke(DirectMethodHandleAccessor.java:104)
at java.base/java.lang.reflect.Method.invoke(Method.java:577)
at org.testng.internal.MethodInvocationHelper.invokeMethod(MethodInvocationHelper.java:133)
at org.testng.internal.TestInvoker.invokeMethod(TestInvoker.java:598)
at org.testng.internal.TestInvoker.retryFailed(TestInvoker.java:213)
at org.testng.internal.MethodRunner.runInSequence(MethodRunner.java:58)
at org.testng.internal.TestInvoker$MethodInvocationAgent.invoke(TestInvoker.java:824)
at org.testng.internal.TestInvoker.invokeTestMethods(TestInvoker.java:146)
at org.testng.internal.TestMethodWorker.invokeTestMethods(TestMethodWorker.java:146)
at org.testng.internal.TestMethodWorker.run(TestMethodWorker.java:128)
at java.base/java.util.concurrent.ThreadPoolExecutor.runWorker(ThreadPoolExecutor.java:1136)
at java.base/java.util.concurrent.ThreadPoolExecutor$Worker.run(ThreadPoolExecutor.java:635)
at java.base/java.lang.Thread.run(Thread.java:833)
]]>
    </error>
  </testcase> <!-- bookADemo -->
  <system-out/>
  <testcase classname="com.TestNG.org.TestNG_Runner" name="bookADemo" time="3.377">
    <skipped/>
  </testcase> <!-- bookADemo -->
  <system-out/>
  <testcase classname="com.TestNG.org.TestNG_Runner" name="bookADemo" time="7.997">
    <skipped/>
  </testcase> <!-- bookADemo -->
  <system-out/>
  <testcase classname="com.TestNG.org.TestNG_Runner" name="bookADemo" time="3.694">
    <skipped/>
  </testcase> <!-- bookADemo -->
  <system-out/>
  <testcase classname="com.TestNG.org.TestNG_Runner" name="whatsApp">
    <skipped/>
  </testcase> <!-- whatsApp -->
  <system-out/>
  <testcase classname="com.TestNG.org.TestNG_Runner" name="youtube">
    <skipped/>
  </testcase> <!-- youtube -->
  <system-out/>
  <testcase classname="com.TestNG.org.TestNG_Runner" name="facebook">
    <skipped/>
  </testcase> <!-- facebook -->
  <system-out/>
  <testcase classname="com.TestNG.org.TestNG_Runner" name="instagram">
    <skipped/>
  </testcase> <!-- instagram -->
  <system-out/>
  <testcase classname="com.TestNG.org.TestNG_Runner" name="linkedIn">
    <skipped/>
  </testcase> <!-- linkedIn -->
  <system-out/>
  <testcase classname="com.TestNG.org.TestNG_Runner" name="contactSales">
    <skipped/>
  </testcase> <!-- contactSales -->
  <system-out/>
</testsuite> <!-- com.TestNG.org.TestNG_Runner -->
